<?xml version="1.0" encoding="UTF-8"?><testsuite errors="0" failures="1" name="org.example.features.search.SearchByKeywordStory" skipped="0" tests="1" time="15.65" timestamp="2021-05-18 04:56:32"><testcase classname="org.example.features.search.SearchByKeywordStory" name="Searching by keyword jeans should display the corresponding article"><failure message="&#10;Expected: a collection containing a string containing &quot;389 articole&quot;&#10;     but: was &quot;647 articole&quot;" type="java.lang.AssertionError">
Expected: a collection containing a string containing "389 articole"
     but: was "647 articole"</failure><system-err>
Expected: a collection containing a string containing "389 articole"
     but: was "647 articole"&#13;
org.example.steps.serenity.EndUserSteps.should_see_definition(EndUserSteps.java:29)&#13;
org.example.features.search.SearchByKeywordStory.searching_by_keyword_jeans_should_display_the_corresponding_article(SearchByKeywordStory.java:44)&#13;
</system-err></testcase></testsuite>