<?xml version="1.0" encoding="UTF-8"?><testsuite errors="0" failures="1" name="org.example.features.search.SearchByKeywordStory" skipped="1" tests="2" time="15.97" timestamp="2021-05-18 01:21:40"><testcase classname="org.example.features.search.SearchByKeywordStory" name="Searching by keyword tricou should display the corresponding article"><failure message="Expected enabled element was not enabled" type="net.thucydides.core.webdriver.exceptions.ElementShouldBeEnabledException">Expected enabled element was not enabled</failure><system-err>Expected enabled element was not enabled&#13;
org.example.pages.DictionaryPage.enter_keywords(DictionaryPage.java:25)&#13;
org.example.steps.serenity.EndUserSteps.enters(EndUserSteps.java:17)&#13;
org.example.steps.serenity.EndUserSteps.looks_for(EndUserSteps.java:37)&#13;
org.example.features.search.SearchByKeywordStory.searching_by_keyword_tricou_should_display_the_corresponding_article(SearchByKeywordStory.java:28)&#13;
</system-err></testcase><testcase classname="org.example.features.search.SearchByKeywordStory" name="Searching by ambiguious keyword should display the disambiguation page"><skipped/></testcase></testsuite>